<?xml version="1.0" encoding="UTF-8"?>
<testng-results skipped="0" failed="0" total="1" passed="1">
  <reporter-output>
  </reporter-output>
  <suite name="Default suite" duration-ms="14633" started-at="2017-11-01T12:20:13Z" finished-at="2017-11-01T12:20:28Z">
    <groups>
    </groups>
    <test name="Default test" duration-ms="14633" started-at="2017-11-01T12:20:13Z" finished-at="2017-11-01T12:20:28Z">
      <class name="com.sri.test.TestDemoSri">
        <test-method status="PASS" signature="intialize()[pri:0, instance:com.sri.test.TestDemoSri@6f7fd0e6]" name="intialize" is-config="true" duration-ms="5406" started-at="2017-11-01T17:50:07Z" finished-at="2017-11-01T17:50:13Z">
          <reporter-output>
          </reporter-output>
        </test-method> <!-- intialize -->
        <test-method status="PASS" signature="testApp()[pri:0, instance:com.sri.test.TestDemoSri@6f7fd0e6]" name="testApp" duration-ms="14491" started-at="2017-11-01T17:50:13Z" finished-at="2017-11-01T17:50:27Z">
          <reporter-output>
          </reporter-output>
        </test-method> <!-- testApp -->
        <test-method status="PASS" signature="deIntialize()[pri:0, instance:com.sri.test.TestDemoSri@6f7fd0e6]" name="deIntialize" is-config="true" duration-ms="2105" started-at="2017-11-01T17:50:28Z" finished-at="2017-11-01T17:50:30Z">
          <reporter-output>
          </reporter-output>
        </test-method> <!-- deIntialize -->
      </class> <!-- com.sri.test.TestDemoSri -->
    </test> <!-- Default test -->
  </suite> <!-- Default suite -->
</testng-results>
